<?xml version="1.0" encoding="UTF-8"?>
<!-- Generated by org.testng.reporters.JUnitXMLReporter -->
<testsuite ignored="0" hostname="DESKTOP-VLHT10O" failures="0" tests="8" name="MasterTest" time="51.04" errors="0" timestamp="2026-03-23T16:32:45 IST">
  <testcase classname="testCases.TC001_RegisterTest" name="testRegister" time="4.033"/>
  <testcase classname="testCases.TC002_LoginTest" name="testLogin" time="4.174"/>
  <testcase classname="testCases.TC003_LoginDDT" name="verify_loginDDT" time="2.991"/>
  <testcase classname="testCases.TC003_LoginDDT" name="verify_loginDDT" time="3.754"/>
  <testcase classname="testCases.TC003_LoginDDT" name="verify_loginDDT" time="3.973"/>
  <testcase classname="testCases.TC003_LoginDDT" name="verify_loginDDT" time="4.228"/>
  <testcase classname="testCases.TC003_LoginDDT" name="verify_loginDDT" time="4.617"/>
  <testcase classname="testCases.TC003_LoginDDT" name="verify_loginDDT" time="3.951"/>
</testsuite> <!-- MasterTest -->
