<?xml version="1.0" encoding="UTF-8"?>
<!-- Generated by org.testng.reporters.JUnitXMLReporter -->
<testsuite ignored="2" hostname="DESKTOP-VLHT10O" failures="1" tests="1" name="GroupingTest" time="9.139" errors="0" timestamp="2026-03-21T00:47:26 IST">
  <testcase classname="testCases.TC001_RegisterTest" name="testRegister" time="3.685">
    <failure type="java.lang.AssertionError" message="Confirmation message does not match.">
      <![CDATA[java.lang.AssertionError: Confirmation message does not match.
at testCases.TC001_RegisterTest.testRegister(TC001_RegisterTest.java:59)
at java.base/java.util.ArrayList.forEach(ArrayList.java:1596)
... Removed 26 stack frames]]>
    </failure>
  </testcase> <!-- testRegister -->
  <testcase classname="testCases.TC003_LoginDDT" name="verify_loginDDT" time="0.0">
    <ignored/>
  </testcase> <!-- verify_loginDDT -->
  <testcase classname="testCases.TC002_LoginTest" name="testLogin" time="0.0">
    <ignored/>
  </testcase> <!-- testLogin -->
</testsuite> <!-- GroupingTest -->
