<?xml version="1.0" encoding="UTF-8"?>
<!-- Generated by org.testng.reporters.JUnitXMLReporter -->
<testsuite ignored="0" hostname="DESKTOP-VLHT10O" failures="0" tests="8" name="Test" time="48.901" errors="0" timestamp="2026-03-20T11:25:44 IST">
  <testcase classname="testCases.TC001_RegisterTest" name="testRegister" time="3.0"/>
  <testcase classname="testCases.TC002_LoginTest" name="testLogin" time="8.61"/>
  <testcase classname="testCases.TC003_LoginDDT" name="verify_loginDDT" time="2.765"/>
  <testcase classname="testCases.TC003_LoginDDT" name="verify_loginDDT" time="3.849"/>
  <testcase classname="testCases.TC003_LoginDDT" name="verify_loginDDT" time="3.807"/>
  <testcase classname="testCases.TC003_LoginDDT" name="verify_loginDDT" time="4.098"/>
  <testcase classname="testCases.TC003_LoginDDT" name="verify_loginDDT" time="4.629"/>
  <testcase classname="testCases.TC003_LoginDDT" name="verify_loginDDT" time="4.001"/>
</testsuite> <!-- Test -->
