<?xml version="1.0" encoding="UTF-8"?>
<!-- Generated by org.testng.reporters.JUnitXMLReporter -->
<testsuite ignored="0" hostname="DESKTOP-VLHT10O" failures="1" tests="1" name="edgeTest" time="47.474" errors="0" timestamp="2026-03-21T01:15:08 IST">
  <testcase classname="testCases.TC001_RegisterTest" name="testRegister" time="14.474">
    <failure type="java.lang.AssertionError" message="Confirmation message does not match.">
      <![CDATA[java.lang.AssertionError: Confirmation message does not match.
at testCases.TC001_RegisterTest.testRegister(TC001_RegisterTest.java:59)
at java.base/java.util.ArrayList.forEach(ArrayList.java:1596)
at java.base/java.util.concurrent.FutureTask.run(FutureTask.java:317)
at java.base/java.util.concurrent.ThreadPoolExecutor.runWorker(ThreadPoolExecutor.java:1144)
at java.base/java.util.concurrent.ThreadPoolExecutor$Worker.run(ThreadPoolExecutor.java:642)
at java.base/java.lang.Thread.run(Thread.java:1583)
... Removed 16 stack frames]]>
    </failure>
  </testcase> <!-- testRegister -->
</testsuite> <!-- edgeTest -->
