<?xml version="1.0" encoding="UTF-8"?>
<testng-results ignored="0" total="8" passed="8" failed="0" skipped="0">
  <reporter-output>
  </reporter-output>
  <suite started-at="2026-03-23T16:31:49 IST" name="Master Suite" finished-at="2026-03-23T16:32:40 IST" duration-ms="51040">
    <groups>
      <group name="Master">
        <method signature="TC001_RegisterTest.testRegister()[pri:0, instance:testCases.TC001_RegisterTest@4b23c30a]" name="testRegister" class="testCases.TC001_RegisterTest"/>
        <method signature="TC002_LoginTest.testLogin()[pri:0, instance:testCases.TC002_LoginTest@3cdf2c61]" name="testLogin" class="testCases.TC002_LoginTest"/>
        <method signature="TC003_LoginDDT.verify_loginDDT(java.lang.String,java.lang.String,java.lang.String)[pri:0, instance:testCases.TC003_LoginDDT@13ad5cd3]" name="verify_loginDDT" class="testCases.TC003_LoginDDT"/>
      </group> <!-- Master -->
      <group name="Sanity">
        <method signature="TC001_RegisterTest.testRegister()[pri:0, instance:testCases.TC001_RegisterTest@4b23c30a]" name="testRegister" class="testCases.TC001_RegisterTest"/>
      </group> <!-- Sanity -->
      <group name="Regression">
        <method signature="TC002_LoginTest.testLogin()[pri:0, instance:testCases.TC002_LoginTest@3cdf2c61]" name="testLogin" class="testCases.TC002_LoginTest"/>
      </group> <!-- Regression -->
      <group name="Datadriven">
        <method signature="TC003_LoginDDT.verify_loginDDT(java.lang.String,java.lang.String,java.lang.String)[pri:0, instance:testCases.TC003_LoginDDT@13ad5cd3]" name="verify_loginDDT" class="testCases.TC003_LoginDDT"/>
      </group> <!-- Datadriven -->
    </groups>
    <test started-at="2026-03-23T16:31:49 IST" name="MasterTest" finished-at="2026-03-23T16:32:40 IST" duration-ms="51040">
      <class name="testCases.TC002_LoginTest">
        <test-method is-config="true" signature="setUp(java.lang.String,java.lang.String)[pri:0, instance:testCases.TC002_LoginTest@3cdf2c61]" started-at="2026-03-23T16:32:02 IST" name="setUp" finished-at="2026-03-23T16:32:05 IST" duration-ms="3720" status="PASS">
          <params>
            <param index="0">
              <value>
                <![CDATA[windows]]>
              </value>
            </param>
            <param index="1">
              <value>
                <![CDATA[chrome]]>
              </value>
            </param>
          </params>
          <reporter-output>
          </reporter-output>
        </test-method> <!-- setUp -->
        <test-method signature="testLogin()[pri:0, instance:testCases.TC002_LoginTest@3cdf2c61]" started-at="2026-03-23T16:32:05 IST" name="testLogin" finished-at="2026-03-23T16:32:09 IST" duration-ms="4174" status="PASS">
          <reporter-output>
          </reporter-output>
        </test-method> <!-- testLogin -->
        <test-method is-config="true" signature="tearDown()[pri:0, instance:testCases.TC002_LoginTest@3cdf2c61]" started-at="2026-03-23T16:32:09 IST" name="tearDown" finished-at="2026-03-23T16:32:10 IST" duration-ms="257" status="PASS">
          <reporter-output>
          </reporter-output>
        </test-method> <!-- tearDown -->
      </class> <!-- testCases.TC002_LoginTest -->
      <class name="testCases.TC001_RegisterTest">
        <test-method is-config="true" signature="setUp(java.lang.String,java.lang.String)[pri:0, instance:testCases.TC001_RegisterTest@4b23c30a]" started-at="2026-03-23T16:31:49 IST" name="setUp" finished-at="2026-03-23T16:31:57 IST" duration-ms="7797" status="PASS">
          <params>
            <param index="0">
              <value>
                <![CDATA[windows]]>
              </value>
            </param>
            <param index="1">
              <value>
                <![CDATA[chrome]]>
              </value>
            </param>
          </params>
          <reporter-output>
          </reporter-output>
        </test-method> <!-- setUp -->
        <test-method signature="testRegister()[pri:0, instance:testCases.TC001_RegisterTest@4b23c30a]" started-at="2026-03-23T16:31:57 IST" name="testRegister" finished-at="2026-03-23T16:32:01 IST" duration-ms="4033" status="PASS">
          <reporter-output>
          </reporter-output>
        </test-method> <!-- testRegister -->
        <test-method is-config="true" signature="tearDown()[pri:0, instance:testCases.TC001_RegisterTest@4b23c30a]" started-at="2026-03-23T16:32:01 IST" name="tearDown" finished-at="2026-03-23T16:32:02 IST" duration-ms="334" status="PASS">
          <reporter-output>
          </reporter-output>
        </test-method> <!-- tearDown -->
      </class> <!-- testCases.TC001_RegisterTest -->
      <class name="testCases.TC003_LoginDDT">
        <test-method is-config="true" signature="setUp(java.lang.String,java.lang.String)[pri:0, instance:testCases.TC003_LoginDDT@13ad5cd3]" started-at="2026-03-23T16:32:10 IST" name="setUp" finished-at="2026-03-23T16:32:13 IST" duration-ms="2890" status="PASS">
          <params>
            <param index="0">
              <value>
                <![CDATA[windows]]>
              </value>
            </param>
            <param index="1">
              <value>
                <![CDATA[chrome]]>
              </value>
            </param>
          </params>
          <reporter-output>
          </reporter-output>
        </test-method> <!-- setUp -->
        <test-method signature="verify_loginDDT(java.lang.String,java.lang.String,java.lang.String)[pri:0, instance:testCases.TC003_LoginDDT@13ad5cd3]" started-at="2026-03-23T16:32:16 IST" name="verify_loginDDT" data-provider="LoginData" finished-at="2026-03-23T16:32:19 IST" duration-ms="2991" status="PASS">
          <params>
            <param index="0">
              <value>
                <![CDATA[manojcj@gmail.com]]>
              </value>
            </param>
            <param index="1">
              <value>
                <![CDATA[12345]]>
              </value>
            </param>
            <param index="2">
              <value>
                <![CDATA[Valid]]>
              </value>
            </param>
          </params>
          <reporter-output>
          </reporter-output>
        </test-method> <!-- verify_loginDDT -->
        <test-method signature="verify_loginDDT(java.lang.String,java.lang.String,java.lang.String)[pri:0, instance:testCases.TC003_LoginDDT@13ad5cd3]" started-at="2026-03-23T16:32:19 IST" name="verify_loginDDT" data-provider="LoginData" finished-at="2026-03-23T16:32:23 IST" duration-ms="3754" status="PASS">
          <params>
            <param index="0">
              <value>
                <![CDATA[manojcj@gmail.com]]>
              </value>
            </param>
            <param index="1">
              <value>
                <![CDATA[5153153^%#$#]]>
              </value>
            </param>
            <param index="2">
              <value>
                <![CDATA[Invalid]]>
              </value>
            </param>
          </params>
          <reporter-output>
          </reporter-output>
        </test-method> <!-- verify_loginDDT -->
        <test-method signature="verify_loginDDT(java.lang.String,java.lang.String,java.lang.String)[pri:0, instance:testCases.TC003_LoginDDT@13ad5cd3]" started-at="2026-03-23T16:32:23 IST" name="verify_loginDDT" data-provider="LoginData" finished-at="2026-03-23T16:32:27 IST" duration-ms="3973" status="PASS">
          <params>
            <param index="0">
              <value>
                <![CDATA[pavan@gmail.com]]>
              </value>
            </param>
            <param index="1">
              <value>
                <![CDATA[12345]]>
              </value>
            </param>
            <param index="2">
              <value>
                <![CDATA[Invalid]]>
              </value>
            </param>
          </params>
          <reporter-output>
          </reporter-output>
        </test-method> <!-- verify_loginDDT -->
        <test-method signature="verify_loginDDT(java.lang.String,java.lang.String,java.lang.String)[pri:0, instance:testCases.TC003_LoginDDT@13ad5cd3]" started-at="2026-03-23T16:32:27 IST" name="verify_loginDDT" data-provider="LoginData" finished-at="2026-03-23T16:32:31 IST" duration-ms="4228" status="PASS">
          <params>
            <param index="0">
              <value>
                <![CDATA[jeevan@gmail.com]]>
              </value>
            </param>
            <param index="1">
              <value>
                <![CDATA[^$%^gyjgyjgy6668948]]>
              </value>
            </param>
            <param index="2">
              <value>
                <![CDATA[Invalid]]>
              </value>
            </param>
          </params>
          <reporter-output>
          </reporter-output>
        </test-method> <!-- verify_loginDDT -->
        <test-method signature="verify_loginDDT(java.lang.String,java.lang.String,java.lang.String)[pri:0, instance:testCases.TC003_LoginDDT@13ad5cd3]" started-at="2026-03-23T16:32:31 IST" name="verify_loginDDT" data-provider="LoginData" finished-at="2026-03-23T16:32:36 IST" duration-ms="4617" status="PASS">
          <params>
            <param index="0">
              <value>
                <![CDATA[]]>
              </value>
            </param>
            <param index="1">
              <value>
                <![CDATA[12345]]>
              </value>
            </param>
            <param index="2">
              <value>
                <![CDATA[Invalid]]>
              </value>
            </param>
          </params>
          <reporter-output>
          </reporter-output>
        </test-method> <!-- verify_loginDDT -->
        <test-method signature="verify_loginDDT(java.lang.String,java.lang.String,java.lang.String)[pri:0, instance:testCases.TC003_LoginDDT@13ad5cd3]" started-at="2026-03-23T16:32:36 IST" name="verify_loginDDT" data-provider="LoginData" finished-at="2026-03-23T16:32:40 IST" duration-ms="3951" status="PASS">
          <params>
            <param index="0">
              <value>
                <![CDATA[manojcj@gmail.com]]>
              </value>
            </param>
            <param index="1">
              <value>
                <![CDATA[]]>
              </value>
            </param>
            <param index="2">
              <value>
                <![CDATA[Invalid]]>
              </value>
            </param>
          </params>
          <reporter-output>
          </reporter-output>
        </test-method> <!-- verify_loginDDT -->
        <test-method is-config="true" signature="tearDown()[pri:0, instance:testCases.TC003_LoginDDT@13ad5cd3]" started-at="2026-03-23T16:32:40 IST" name="tearDown" finished-at="2026-03-23T16:32:40 IST" duration-ms="407" status="PASS">
          <reporter-output>
          </reporter-output>
        </test-method> <!-- tearDown -->
      </class> <!-- testCases.TC003_LoginDDT -->
    </test> <!-- MasterTest -->
  </suite> <!-- Master Suite -->
</testng-results>
