<?xml version="1.0" encoding="UTF-8"?>
<testsuite xmlns:xsi="http://www.w3.org/2001/XMLSchema-instance" xsi:noNamespaceSchemaLocation="https://maven.apache.org/surefire/maven-surefire-plugin/xsd/surefire-test-report-3.0.xsd" version="3.0" name="TestSuite" time="58.215" tests="8" errors="0" skipped="0" failures="0">
  <properties>
[...]
</properties>
  <testcase name="testRegister" classname="testCases.TC001_RegisterTest" time="4.054">
    <system-out><![CDATA[16:31:48.894 [main] DEBUG org.testng.TestNG - suiteXmlPath: "D:\WorkSpace\E_CommerceFramework\master.xml"
16:31:49.882 [main] INFO  testCases.TC001_RegisterTest - **** Starting Browser Setup ****
16:31:49.883 [main] INFO  testCases.TC001_RegisterTest - Executing on Local Environment...
16:31:57.651 [main] INFO  testCases.TC001_RegisterTest - Launched chrome successfully.
16:31:57.686 [main] INFO  testCases.TC001_RegisterTest - **** Starting TC001_RegisterTest ****
16:31:58.120 [main] INFO  testCases.TC001_RegisterTest - Clicked on My Account button
16:31:59.106 [main] INFO  testCases.TC001_RegisterTest - Clicked on Register link
16:31:59.128 [main] INFO  testCases.TC001_RegisterTest - Providing customer details...
16:32:00.356 [main] INFO  testCases.TC001_RegisterTest - Accepted Privacy Policy
16:32:01.635 [main] INFO  testCases.TC001_RegisterTest - Clicked on Continue button
16:32:01.706 [main] INFO  testCases.TC001_RegisterTest - Validating expected message...
16:32:01.706 [main] INFO  testCases.TC001_RegisterTest - Registration Test Passed!
16:32:01.710 [main] INFO  testCases.TC001_RegisterTest - **** Finished TC001_RegisterTest ****
]]></system-out>
    <system-err><![CDATA[Mar 23, 2026 4:31:55 PM org.openqa.selenium.devtools.CdpVersionFinder findNearestMatch
WARNING: Unable to find an exact match for CDP version 146, returning the closest version; found: 145; Please update to a Selenium version that supports CDP version 146
]]></system-err>
  </testcase>
  <testcase name="testLogin" classname="testCases.TC002_LoginTest" time="4.184">
    <system-out><![CDATA[16:32:01.739 [main] INFO  testCases.TC001_RegisterTest - **** Closing Browser ****
16:32:02.075 [main] INFO  testCases.TC002_LoginTest - **** Starting Browser Setup ****
16:32:02.076 [main] INFO  testCases.TC002_LoginTest - Executing on Local Environment...
16:32:05.794 [main] INFO  testCases.TC002_LoginTest - Launched chrome successfully.
16:32:05.796 [main] INFO  testCases.TC002_LoginTest - **** Starting TC002_LoginTest ****
16:32:05.984 [main] INFO  testCases.TC002_LoginTest - Clicked on My Account
16:32:06.511 [main] INFO  testCases.TC002_LoginTest - Clicked on Login link
16:32:06.519 [main] INFO  testCases.TC002_LoginTest - Entering login credentials...
16:32:09.852 [main] INFO  testCases.TC002_LoginTest - Clicked login button
16:32:09.968 [main] INFO  testCases.TC002_LoginTest - Validating login success message...
16:32:09.969 [main] INFO  testCases.TC002_LoginTest - Login Test Passed!
16:32:09.969 [main] INFO  testCases.TC002_LoginTest - **** Finished TC002_LoginTest ****
]]></system-out>
    <system-err><![CDATA[Mar 23, 2026 4:32:04 PM org.openqa.selenium.devtools.CdpVersionFinder findNearestMatch
WARNING: Unable to find an exact match for CDP version 146, returning the closest version; found: 145; Please update to a Selenium version that supports CDP version 146
]]></system-err>
  </testcase>
  <testcase name="verify_loginDDT[manojcj@gmail.com, 12345, Valid](1)" classname="testCases.TC003_LoginDDT" time="2.972">
    <system-out><![CDATA[16:32:09.973 [main] INFO  testCases.TC002_LoginTest - **** Closing Browser ****
16:32:10.232 [main] INFO  testCases.TC003_LoginDDT - **** Starting Browser Setup ****
16:32:10.233 [main] INFO  testCases.TC003_LoginDDT - Executing on Local Environment...
16:32:13.120 [main] INFO  testCases.TC003_LoginDDT - Launched chrome successfully.
16:32:13.788 [main] DEBUG org.apache.poi.openxml4j.opc.PackageRelationshipCollection - Parsing relationship: /xl/_rels/workbook.xml.rels
16:32:13.802 [main] DEBUG org.apache.poi.openxml4j.opc.PackageRelationshipCollection - Parsing relationship: /xl/worksheets/_rels/sheet1.xml.rels
16:32:13.809 [main] DEBUG org.apache.poi.openxml4j.opc.PackageRelationshipCollection - Parsing relationship: /_rels/.rels
16:32:14.713 [main] DEBUG org.apache.poi.openxml4j.opc.PackageRelationshipCollection - Parsing relationship: /xl/_rels/workbook.xml.rels
16:32:14.715 [main] DEBUG org.apache.poi.openxml4j.opc.PackageRelationshipCollection - Parsing relationship: /xl/worksheets/_rels/sheet1.xml.rels
16:32:14.717 [main] DEBUG org.apache.poi.openxml4j.opc.PackageRelationshipCollection - Parsing relationship: /_rels/.rels
16:32:14.784 [main] DEBUG org.apache.poi.openxml4j.opc.PackageRelationshipCollection - Parsing relationship: /xl/_rels/workbook.xml.rels
16:32:14.786 [main] DEBUG org.apache.poi.openxml4j.opc.PackageRelationshipCollection - Parsing relationship: /xl/worksheets/_rels/sheet1.xml.rels
16:32:14.789 [main] DEBUG org.apache.poi.openxml4j.opc.PackageRelationshipCollection - Parsing relationship: /_rels/.rels
16:32:14.867 [main] DEBUG org.apache.poi.openxml4j.opc.PackageRelationshipCollection - Parsing relationship: /xl/_rels/workbook.xml.rels
16:32:14.870 [main] DEBUG org.apache.poi.openxml4j.opc.PackageRelationshipCollection - Parsing relationship: /xl/worksheets/_rels/sheet1.xml.rels
16:32:14.872 [main] DEBUG org.apache.poi.openxml4j.opc.PackageRelationshipCollection - Parsing relationship: /_rels/.rels
16:32:14.961 [main] DEBUG org.apache.poi.openxml4j.opc.PackageRelationshipCollection - Parsing relationship: /xl/_rels/workbook.xml.rels
16:32:14.964 [main] DEBUG org.apache.poi.openxml4j.opc.PackageRelationshipCollection - Parsing relationship: /xl/worksheets/_rels/sheet1.xml.rels
16:32:14.966 [main] DEBUG org.apache.poi.openxml4j.opc.PackageRelationshipCollection - Parsing relationship: /_rels/.rels
16:32:15.083 [main] DEBUG org.apache.poi.openxml4j.opc.PackageRelationshipCollection - Parsing relationship: /xl/_rels/workbook.xml.rels
16:32:15.088 [main] DEBUG org.apache.poi.openxml4j.opc.PackageRelationshipCollection - Parsing relationship: /xl/worksheets/_rels/sheet1.xml.rels
16:32:15.094 [main] DEBUG org.apache.poi.openxml4j.opc.PackageRelationshipCollection - Parsing relationship: /_rels/.rels
16:32:15.163 [main] DEBUG org.apache.poi.openxml4j.opc.PackageRelationshipCollection - Parsing relationship: /xl/_rels/workbook.xml.rels
16:32:15.179 [main] DEBUG org.apache.poi.openxml4j.opc.PackageRelationshipCollection - Parsing relationship: /xl/worksheets/_rels/sheet1.xml.rels
16:32:15.184 [main] DEBUG org.apache.poi.openxml4j.opc.PackageRelationshipCollection - Parsing relationship: /_rels/.rels
16:32:15.262 [main] DEBUG org.apache.poi.openxml4j.opc.PackageRelationshipCollection - Parsing relationship: /xl/_rels/workbook.xml.rels
16:32:15.265 [main] DEBUG org.apache.poi.openxml4j.opc.PackageRelationshipCollection - Parsing relationship: /xl/worksheets/_rels/sheet1.xml.rels
16:32:15.267 [main] DEBUG org.apache.poi.openxml4j.opc.PackageRelationshipCollection - Parsing relationship: /_rels/.rels
16:32:15.413 [main] DEBUG org.apache.poi.openxml4j.opc.PackageRelationshipCollection - Parsing relationship: /xl/_rels/workbook.xml.rels
16:32:15.418 [main] DEBUG org.apache.poi.openxml4j.opc.PackageRelationshipCollection - Parsing relationship: /xl/worksheets/_rels/sheet1.xml.rels
16:32:15.428 [main] DEBUG org.apache.poi.openxml4j.opc.PackageRelationshipCollection - Parsing relationship: /_rels/.rels
16:32:15.494 [main] DEBUG org.apache.poi.openxml4j.opc.PackageRelationshipCollection - Parsing relationship: /xl/_rels/workbook.xml.rels
16:32:15.503 [main] DEBUG org.apache.poi.openxml4j.opc.PackageRelationshipCollection - Parsing relationship: /xl/worksheets/_rels/sheet1.xml.rels
16:32:15.505 [main] DEBUG org.apache.poi.openxml4j.opc.PackageRelationshipCollection - Parsing relationship: /_rels/.rels
16:32:15.596 [main] DEBUG org.apache.poi.openxml4j.opc.PackageRelationshipCollection - Parsing relationship: /xl/_rels/workbook.xml.rels
16:32:15.599 [main] DEBUG org.apache.poi.openxml4j.opc.PackageRelationshipCollection - Parsing relationship: /xl/worksheets/_rels/sheet1.xml.rels
16:32:15.601 [main] DEBUG org.apache.poi.openxml4j.opc.PackageRelationshipCollection - Parsing relationship: /_rels/.rels
16:32:15.727 [main] DEBUG org.apache.poi.openxml4j.opc.PackageRelationshipCollection - Parsing relationship: /xl/_rels/workbook.xml.rels
16:32:15.730 [main] DEBUG org.apache.poi.openxml4j.opc.PackageRelationshipCollection - Parsing relationship: /xl/worksheets/_rels/sheet1.xml.rels
16:32:15.738 [main] DEBUG org.apache.poi.openxml4j.opc.PackageRelationshipCollection - Parsing relationship: /_rels/.rels
16:32:15.832 [main] DEBUG org.apache.poi.openxml4j.opc.PackageRelationshipCollection - Parsing relationship: /xl/_rels/workbook.xml.rels
16:32:15.836 [main] DEBUG org.apache.poi.openxml4j.opc.PackageRelationshipCollection - Parsing relationship: /xl/worksheets/_rels/sheet1.xml.rels
16:32:15.839 [main] DEBUG org.apache.poi.openxml4j.opc.PackageRelationshipCollection - Parsing relationship: /_rels/.rels
16:32:15.943 [main] DEBUG org.apache.poi.openxml4j.opc.PackageRelationshipCollection - Parsing relationship: /xl/_rels/workbook.xml.rels
16:32:15.945 [main] DEBUG org.apache.poi.openxml4j.opc.PackageRelationshipCollection - Parsing relationship: /xl/worksheets/_rels/sheet1.xml.rels
16:32:15.948 [main] DEBUG org.apache.poi.openxml4j.opc.PackageRelationshipCollection - Parsing relationship: /_rels/.rels
16:32:16.001 [main] DEBUG org.apache.poi.openxml4j.opc.PackageRelationshipCollection - Parsing relationship: /xl/_rels/workbook.xml.rels
16:32:16.012 [main] DEBUG org.apache.poi.openxml4j.opc.PackageRelationshipCollection - Parsing relationship: /xl/worksheets/_rels/sheet1.xml.rels
16:32:16.014 [main] DEBUG org.apache.poi.openxml4j.opc.PackageRelationshipCollection - Parsing relationship: /_rels/.rels
16:32:16.096 [main] DEBUG org.apache.poi.openxml4j.opc.PackageRelationshipCollection - Parsing relationship: /xl/_rels/workbook.xml.rels
16:32:16.098 [main] DEBUG org.apache.poi.openxml4j.opc.PackageRelationshipCollection - Parsing relationship: /xl/worksheets/_rels/sheet1.xml.rels
16:32:16.100 [main] DEBUG org.apache.poi.openxml4j.opc.PackageRelationshipCollection - Parsing relationship: /_rels/.rels
16:32:16.164 [main] DEBUG org.apache.poi.openxml4j.opc.PackageRelationshipCollection - Parsing relationship: /xl/_rels/workbook.xml.rels
16:32:16.168 [main] DEBUG org.apache.poi.openxml4j.opc.PackageRelationshipCollection - Parsing relationship: /xl/worksheets/_rels/sheet1.xml.rels
16:32:16.175 [main] DEBUG org.apache.poi.openxml4j.opc.PackageRelationshipCollection - Parsing relationship: /_rels/.rels
16:32:16.257 [main] DEBUG org.apache.poi.openxml4j.opc.PackageRelationshipCollection - Parsing relationship: /xl/_rels/workbook.xml.rels
16:32:16.259 [main] DEBUG org.apache.poi.openxml4j.opc.PackageRelationshipCollection - Parsing relationship: /xl/worksheets/_rels/sheet1.xml.rels
16:32:16.267 [main] DEBUG org.apache.poi.openxml4j.opc.PackageRelationshipCollection - Parsing relationship: /_rels/.rels
16:32:16.331 [main] DEBUG org.apache.poi.openxml4j.opc.PackageRelationshipCollection - Parsing relationship: /xl/_rels/workbook.xml.rels
16:32:16.333 [main] DEBUG org.apache.poi.openxml4j.opc.PackageRelationshipCollection - Parsing relationship: /xl/worksheets/_rels/sheet1.xml.rels
16:32:16.344 [main] DEBUG org.apache.poi.openxml4j.opc.PackageRelationshipCollection - Parsing relationship: /_rels/.rels
16:32:16.448 [main] DEBUG org.apache.poi.openxml4j.opc.PackageRelationshipCollection - Parsing relationship: /xl/_rels/workbook.xml.rels
16:32:16.451 [main] DEBUG org.apache.poi.openxml4j.opc.PackageRelationshipCollection - Parsing relationship: /xl/worksheets/_rels/sheet1.xml.rels
16:32:16.453 [main] DEBUG org.apache.poi.openxml4j.opc.PackageRelationshipCollection - Parsing relationship: /_rels/.rels
16:32:16.546 [main] INFO  testCases.TC003_LoginDDT - **** Starting TC_003_LoginDDT ****
16:32:16.830 [main] INFO  testCases.TC003_LoginDDT - Clicked on My Account menu
16:32:17.360 [main] INFO  testCases.TC003_LoginDDT - Clicked on Login link
16:32:17.364 [main] INFO  testCases.TC003_LoginDDT - Entering login credentials...
16:32:18.910 [main] INFO  testCases.TC003_LoginDDT - Clicked on Login button
16:32:18.990 [main] INFO  testCases.TC003_LoginDDT - Is 'My Account' page displayed? : true
16:32:18.991 [main] INFO  testCases.TC003_LoginDDT - Validating positive scenario (Expected: Valid)...
16:32:18.991 [main] INFO  testCases.TC003_LoginDDT - Login successful with valid data. Test Passed.
16:32:19.528 [main] INFO  testCases.TC003_LoginDDT - Logged out successfully to reset for next iteration.
16:32:19.528 [main] INFO  testCases.TC003_LoginDDT - **** Finished TC_003_LoginDDT ****
]]></system-out>
    <system-err><![CDATA[Mar 23, 2026 4:32:11 PM org.openqa.selenium.devtools.CdpVersionFinder findNearestMatch
WARNING: Unable to find an exact match for CDP version 146, returning the closest version; found: 145; Please update to a Selenium version that supports CDP version 146
]]></system-err>
  </testcase>
  <testcase name="verify_loginDDT[manojcj@gmail.com, 5153153^%#$#, Invalid](2)" classname="testCases.TC003_LoginDDT" time="3.751">
    <system-out><![CDATA[16:32:19.535 [main] INFO  testCases.TC003_LoginDDT - **** Starting TC_003_LoginDDT ****
16:32:19.682 [main] INFO  testCases.TC003_LoginDDT - Clicked on My Account menu
16:32:20.007 [main] INFO  testCases.TC003_LoginDDT - Clicked on Login link
16:32:20.008 [main] INFO  testCases.TC003_LoginDDT - Entering login credentials...
16:32:20.553 [main] INFO  testCases.TC003_LoginDDT - Clicked on Login button
16:32:23.287 [main] INFO  testCases.TC003_LoginDDT - Is 'My Account' page displayed? : false
16:32:23.288 [main] INFO  testCases.TC003_LoginDDT - Validating negative scenario (Expected: Invalid)...
16:32:23.288 [main] INFO  testCases.TC003_LoginDDT - Login correctly rejected invalid data. Test Passed.
16:32:23.288 [main] INFO  testCases.TC003_LoginDDT - **** Finished TC_003_LoginDDT ****
]]></system-out>
  </testcase>
  <testcase name="verify_loginDDT[pavan@gmail.com, 12345, Invalid](3)" classname="testCases.TC003_LoginDDT" time="3.978">
    <system-out><![CDATA[16:32:23.292 [main] INFO  testCases.TC003_LoginDDT - **** Starting TC_003_LoginDDT ****
16:32:23.456 [main] INFO  testCases.TC003_LoginDDT - Clicked on My Account menu
16:32:23.843 [main] INFO  testCases.TC003_LoginDDT - Clicked on Login link
16:32:23.844 [main] INFO  testCases.TC003_LoginDDT - Entering login credentials...
16:32:25.178 [main] INFO  testCases.TC003_LoginDDT - Clicked on Login button
16:32:27.262 [main] INFO  testCases.TC003_LoginDDT - Is 'My Account' page displayed? : false
16:32:27.263 [main] INFO  testCases.TC003_LoginDDT - Validating negative scenario (Expected: Invalid)...
16:32:27.263 [main] INFO  testCases.TC003_LoginDDT - Login correctly rejected invalid data. Test Passed.
16:32:27.264 [main] INFO  testCases.TC003_LoginDDT - **** Finished TC_003_LoginDDT ****
]]></system-out>
  </testcase>
  <testcase name="verify_loginDDT[jeevan@gmail.com, ^$%^gyjgyjgy6668948, Invalid](4)" classname="testCases.TC003_LoginDDT" time="4.232">
    <system-out><![CDATA[16:32:27.266 [main] INFO  testCases.TC003_LoginDDT - **** Starting TC_003_LoginDDT ****
16:32:27.403 [main] INFO  testCases.TC003_LoginDDT - Clicked on My Account menu
16:32:27.783 [main] INFO  testCases.TC003_LoginDDT - Clicked on Login link
16:32:27.785 [main] INFO  testCases.TC003_LoginDDT - Entering login credentials...
16:32:29.389 [main] INFO  testCases.TC003_LoginDDT - Clicked on Login button
16:32:31.492 [main] INFO  testCases.TC003_LoginDDT - Is 'My Account' page displayed? : false
16:32:31.493 [main] INFO  testCases.TC003_LoginDDT - Validating negative scenario (Expected: Invalid)...
16:32:31.493 [main] INFO  testCases.TC003_LoginDDT - Login correctly rejected invalid data. Test Passed.
16:32:31.493 [main] INFO  testCases.TC003_LoginDDT - **** Finished TC_003_LoginDDT ****
]]></system-out>
  </testcase>
  <testcase name="verify_loginDDT[, 12345, Invalid](5)" classname="testCases.TC003_LoginDDT" time="4.622">
    <system-out><![CDATA[16:32:31.498 [main] INFO  testCases.TC003_LoginDDT - **** Starting TC_003_LoginDDT ****
16:32:31.703 [main] INFO  testCases.TC003_LoginDDT - Clicked on My Account menu
16:32:32.257 [main] INFO  testCases.TC003_LoginDDT - Clicked on Login link
16:32:32.258 [main] INFO  testCases.TC003_LoginDDT - Entering login credentials...
16:32:33.060 [main] INFO  testCases.TC003_LoginDDT - Clicked on Login button
16:32:36.112 [main] INFO  testCases.TC003_LoginDDT - Is 'My Account' page displayed? : false
16:32:36.113 [main] INFO  testCases.TC003_LoginDDT - Validating negative scenario (Expected: Invalid)...
16:32:36.114 [main] INFO  testCases.TC003_LoginDDT - Login correctly rejected invalid data. Test Passed.
16:32:36.114 [main] INFO  testCases.TC003_LoginDDT - **** Finished TC_003_LoginDDT ****
]]></system-out>
  </testcase>
  <testcase name="verify_loginDDT[manojcj@gmail.com, , Invalid](6)" classname="testCases.TC003_LoginDDT" time="3.948">
    <system-out><![CDATA[16:32:36.120 [main] INFO  testCases.TC003_LoginDDT - **** Starting TC_003_LoginDDT ****
16:32:36.324 [main] INFO  testCases.TC003_LoginDDT - Clicked on My Account menu
16:32:36.789 [main] INFO  testCases.TC003_LoginDDT - Clicked on Login link
16:32:36.791 [main] INFO  testCases.TC003_LoginDDT - Entering login credentials...
16:32:38.040 [main] INFO  testCases.TC003_LoginDDT - Clicked on Login button
16:32:40.067 [main] INFO  testCases.TC003_LoginDDT - Is 'My Account' page displayed? : false
16:32:40.068 [main] INFO  testCases.TC003_LoginDDT - Validating negative scenario (Expected: Invalid)...
16:32:40.068 [main] INFO  testCases.TC003_LoginDDT - Login correctly rejected invalid data. Test Passed.
16:32:40.068 [main] INFO  testCases.TC003_LoginDDT - **** Finished TC_003_LoginDDT ****
]]></system-out>
  </testcase>
</testsuite>