<?xml version="1.0" encoding="UTF-8"?>
<!-- Generated by org.testng.reporters.JUnitReportReporter -->
<testsuite hostname="DESKTOP-VLHT10O" failures="0" tests="6" name="testCases.TC003_LoginDDT" time="23.514" errors="0" timestamp="2026-03-23T16:32:45 IST" skipped="0">
  <testcase classname="testCases.TC003_LoginDDT" name="verify_loginDDT" time="3.951"/>
  <testcase classname="testCases.TC003_LoginDDT" name="verify_loginDDT" time="4.617"/>
  <testcase classname="testCases.TC003_LoginDDT" name="verify_loginDDT" time="4.228"/>
  <testcase classname="testCases.TC003_LoginDDT" name="verify_loginDDT" time="3.754"/>
  <testcase classname="testCases.TC003_LoginDDT" name="verify_loginDDT" time="2.991"/>
  <testcase classname="testCases.TC003_LoginDDT" name="verify_loginDDT" time="3.973"/>
</testsuite> <!-- testCases.TC003_LoginDDT -->
